d:\svnnurbs\surface_sewing\debug\switchsplit.bsc
d:\svnnurbs\surface_sewing\debug\switchsplit.pch
d:\svnnurbs\surface_sewing\debug\vc141.pdb
d:\svnnurbs\surface_sewing\debug\stdafx.sbr
d:\svnnurbs\surface_sewing\debug\stdafx.obj
d:\svnnurbs\surface_sewing\debug\actions_booloperation.sbr
d:\svnnurbs\surface_sewing\debug\actions_constrainedregistration.sbr
d:\svnnurbs\surface_sewing\debug\actions_dataanalysis.sbr
d:\svnnurbs\surface_sewing\debug\actions_dynamicquasiconformal.sbr
d:\svnnurbs\surface_sewing\debug\actions_edgeswap.sbr
d:\svnnurbs\surface_sewing\debug\action_acis_sewing.sbr
d:\svnnurbs\surface_sewing\debug\action_occ_sewing.sbr
d:\svnnurbs\surface_sewing\debug\action_polyomino.sbr
d:\svnnurbs\surface_sewing\debug\action_polyomino2.sbr
d:\svnnurbs\surface_sewing\debug\action_tooth.sbr
d:\svnnurbs\surface_sewing\debug\cframebuffer.sbr
d:\svnnurbs\surface_sewing\debug\closenessenergy.sbr
d:\svnnurbs\surface_sewing\debug\colorformview.sbr
d:\svnnurbs\surface_sewing\debug\complex_number.sbr
d:\svnnurbs\surface_sewing\debug\convexfunction.sbr
d:\svnnurbs\surface_sewing\debug\cparsestep.sbr
d:\svnnurbs\surface_sewing\debug\dialoginputinformation.sbr
d:\svnnurbs\surface_sewing\debug\disline2d.sbr
d:\svnnurbs\surface_sewing\debug\energy.sbr
d:\svnnurbs\surface_sewing\debug\entitylist.sbr
d:\svnnurbs\surface_sewing\debug\entitylist.obj
d:\svnnurbs\surface_sewing\debug\energy.obj
d:\svnnurbs\surface_sewing\debug\disline2d.obj
d:\svnnurbs\surface_sewing\debug\dialoginputinformation.obj
d:\svnnurbs\surface_sewing\debug\cparsestep.obj
d:\svnnurbs\surface_sewing\debug\convexfunction.obj
d:\svnnurbs\surface_sewing\debug\complex_number.obj
d:\svnnurbs\surface_sewing\debug\colorformview.obj
d:\svnnurbs\surface_sewing\debug\closenessenergy.obj
d:\svnnurbs\surface_sewing\debug\cframebuffer.obj
d:\svnnurbs\surface_sewing\debug\action_tooth.obj
d:\svnnurbs\surface_sewing\debug\action_polyomino2.obj
d:\svnnurbs\surface_sewing\debug\action_polyomino.obj
d:\svnnurbs\surface_sewing\debug\action_occ_sewing.obj
d:\svnnurbs\surface_sewing\debug\action_acis_sewing.obj
d:\svnnurbs\surface_sewing\debug\actions_edgeswap.obj
d:\svnnurbs\surface_sewing\debug\actions_dynamicquasiconformal.obj
d:\svnnurbs\surface_sewing\debug\actions_dataanalysis.obj
d:\svnnurbs\surface_sewing\debug\actions_constrainedregistration.obj
d:\svnnurbs\surface_sewing\debug\actions_booloperation.obj
d:\svnnurbs\surface_sewing\debug\faceinputarea.sbr
d:\svnnurbs\surface_sewing\debug\formview3.sbr
d:\svnnurbs\surface_sewing\debug\geomaplandmark.sbr
d:\svnnurbs\surface_sewing\debug\isotropicenergy.sbr
d:\svnnurbs\surface_sewing\debug\kdtree.sbr
d:\svnnurbs\surface_sewing\debug\plotpolyomino.sbr
d:\svnnurbs\surface_sewing\debug\mainfrm.sbr
d:\svnnurbs\surface_sewing\debug\meshsetcolor.sbr
d:\svnnurbs\surface_sewing\debug\mysparsematrix.sbr
d:\svnnurbs\surface_sewing\debug\mysplitterwnd.sbr
d:\svnnurbs\surface_sewing\debug\mytreeview.sbr
d:\svnnurbs\surface_sewing\debug\nurbscurve.sbr
d:\svnnurbs\surface_sewing\debug\objectviewer.sbr
d:\svnnurbs\surface_sewing\debug\parsem.sbr
d:\svnnurbs\surface_sewing\debug\parsenurbscurve.sbr
d:\svnnurbs\surface_sewing\debug\parsepoly.sbr
d:\svnnurbs\surface_sewing\debug\parsesmf.sbr
d:\svnnurbs\surface_sewing\debug\parsetspline.sbr
d:\svnnurbs\surface_sewing\debug\polyomino_edge_subdivision.sbr
d:\svnnurbs\surface_sewing\debug\projecttoparameterdomain.sbr
d:\svnnurbs\surface_sewing\debug\projecttoparameterdomain.obj
d:\svnnurbs\surface_sewing\debug\polyomino_edge_subdivision.obj
d:\svnnurbs\surface_sewing\debug\parsetspline.obj
d:\svnnurbs\surface_sewing\debug\parsesmf.obj
d:\svnnurbs\surface_sewing\debug\parsepoly.obj
d:\svnnurbs\surface_sewing\debug\parsenurbscurve.obj
d:\svnnurbs\surface_sewing\debug\parsem.obj
d:\svnnurbs\surface_sewing\debug\objectviewer.obj
d:\svnnurbs\surface_sewing\debug\nurbscurve.obj
d:\svnnurbs\surface_sewing\debug\mytreeview.obj
d:\svnnurbs\surface_sewing\debug\mysplitterwnd.obj
d:\svnnurbs\surface_sewing\debug\mysparsematrix.obj
d:\svnnurbs\surface_sewing\debug\meshsetcolor.obj
d:\svnnurbs\surface_sewing\debug\mainfrm.obj
d:\svnnurbs\surface_sewing\debug\plotpolyomino.obj
d:\svnnurbs\surface_sewing\debug\kdtree.obj
d:\svnnurbs\surface_sewing\debug\isotropicenergy.obj
d:\svnnurbs\surface_sewing\debug\geomaplandmark.obj
d:\svnnurbs\surface_sewing\debug\formview3.obj
d:\svnnurbs\surface_sewing\debug\faceinputarea.obj
d:\svnnurbs\surface_sewing\debug\rendermode.sbr
d:\svnnurbs\surface_sewing\debug\ricciflow.sbr
d:\svnnurbs\surface_sewing\debug\scenegraph3d.sbr
d:\svnnurbs\surface_sewing\debug\sdiviewswitch.sbr
d:\svnnurbs\surface_sewing\debug\sdiviewswitchdoc.sbr
d:\svnnurbs\surface_sewing\debug\shapefile_polygon_header.sbr
d:\svnnurbs\surface_sewing\debug\shape_polygon.sbr
d:\svnnurbs\surface_sewing\debug\showsurfaceparameterdomain.sbr
d:\svnnurbs\surface_sewing\debug\showtransformedparameterdomain.sbr
d:\svnnurbs\surface_sewing\debug\splitterview.sbr
d:\svnnurbs\surface_sewing\debug\stepinputapi.sbr
d:\svnnurbs\surface_sewing\debug\stringutility.sbr
d:\svnnurbs\surface_sewing\debug\structedstepfile.sbr
d:\svnnurbs\surface_sewing\debug\structedstepfileparser.sbr
d:\svnnurbs\surface_sewing\debug\surfaceinformation.sbr
d:\svnnurbs\surface_sewing\debug\predictor.sbr
d:\svnnurbs\surface_sewing\debug\svm.sbr
d:\svnnurbs\surface_sewing\debug\svnmesh.sbr
d:\svnnurbs\surface_sewing\debug\textfile.sbr
d:\svnnurbs\surface_sewing\debug\triangle.sbr
d:\svnnurbs\surface_sewing\debug\triangle.obj
d:\svnnurbs\surface_sewing\debug\textfile.obj
d:\svnnurbs\surface_sewing\debug\svnmesh.obj
d:\svnnurbs\surface_sewing\debug\svm.obj
d:\svnnurbs\surface_sewing\debug\predictor.obj
d:\svnnurbs\surface_sewing\debug\surfaceinformation.obj
d:\svnnurbs\surface_sewing\debug\structedstepfileparser.obj
d:\svnnurbs\surface_sewing\debug\structedstepfile.obj
d:\svnnurbs\surface_sewing\debug\stringutility.obj
d:\svnnurbs\surface_sewing\debug\stepinputapi.obj
d:\svnnurbs\surface_sewing\debug\splitterview.obj
d:\svnnurbs\surface_sewing\debug\showtransformedparameterdomain.obj
d:\svnnurbs\surface_sewing\debug\showsurfaceparameterdomain.obj
d:\svnnurbs\surface_sewing\debug\shape_polygon.obj
d:\svnnurbs\surface_sewing\debug\shapefile_polygon_header.obj
d:\svnnurbs\surface_sewing\debug\sdiviewswitchdoc.obj
d:\svnnurbs\surface_sewing\debug\sdiviewswitch.obj
d:\svnnurbs\surface_sewing\debug\scenegraph3d.obj
d:\svnnurbs\surface_sewing\debug\ricciflow.obj
d:\svnnurbs\surface_sewing\debug\rendermode.obj
d:\svnnurbs\surface_sewing\debug\tricall.sbr
d:\svnnurbs\surface_sewing\debug\tspline_preimagedialog.sbr
d:\svnnurbs\surface_sewing\debug\unlock_license.sbr
d:\svnnurbs\surface_sewing\debug\urveintersection.sbr
d:\svnnurbs\surface_sewing\debug\utility.sbr
d:\svnnurbs\surface_sewing\debug\vectorfield.sbr
d:\svnnurbs\surface_sewing\debug\array3d.sbr
d:\svnnurbs\surface_sewing\debug\color.sbr
d:\svnnurbs\surface_sewing\debug\colorramp.sbr
d:\svnnurbs\surface_sewing\debug\dib.sbr
d:\svnnurbs\surface_sewing\debug\material.sbr
d:\svnnurbs\surface_sewing\debug\point3d.sbr
d:\svnnurbs\surface_sewing\debug\texture.sbr
d:\svnnurbs\surface_sewing\debug\transform.sbr
d:\svnnurbs\surface_sewing\debug\utils3d.sbr
d:\svnnurbs\surface_sewing\debug\vector3d.sbr
d:\svnnurbs\surface_sewing\debug\vertex3d.sbr
d:\svnnurbs\surface_sewing\debug\edge3d.sbr
d:\svnnurbs\surface_sewing\debug\face3d.sbr
d:\svnnurbs\surface_sewing\debug\mesh3d.sbr
d:\svnnurbs\surface_sewing\debug\mesh3d.obj
d:\svnnurbs\surface_sewing\debug\face3d.obj
d:\svnnurbs\surface_sewing\debug\edge3d.obj
d:\svnnurbs\surface_sewing\debug\vertex3d.obj
d:\svnnurbs\surface_sewing\debug\vector3d.obj
d:\svnnurbs\surface_sewing\debug\utils3d.obj
d:\svnnurbs\surface_sewing\debug\transform.obj
d:\svnnurbs\surface_sewing\debug\texture.obj
d:\svnnurbs\surface_sewing\debug\point3d.obj
d:\svnnurbs\surface_sewing\debug\material.obj
d:\svnnurbs\surface_sewing\debug\dib.obj
d:\svnnurbs\surface_sewing\debug\colorramp.obj
d:\svnnurbs\surface_sewing\debug\color.obj
d:\svnnurbs\surface_sewing\debug\array3d.obj
d:\svnnurbs\surface_sewing\debug\vectorfield.obj
d:\svnnurbs\surface_sewing\debug\utility.obj
d:\svnnurbs\surface_sewing\debug\urveintersection.obj
d:\svnnurbs\surface_sewing\debug\unlock_license.obj
d:\svnnurbs\surface_sewing\debug\tspline_preimagedialog.obj
d:\svnnurbs\surface_sewing\debug\tricall.obj
d:\svnnurbs\surface_sewing\debug\mesh3d_openmesh.sbr
d:\svnnurbs\surface_sewing\debug\object3d.sbr
d:\svnnurbs\surface_sewing\debug\c_disline3d.sbr
d:\svnnurbs\surface_sewing\debug\c_nurbssurf.sbr
d:\svnnurbs\surface_sewing\debug\c_parsenurbs.sbr
d:\svnnurbs\surface_sewing\debug\curve.sbr
d:\svnnurbs\surface_sewing\debug\interfunction.sbr
d:\svnnurbs\surface_sewing\debug\nurbs3d.sbr
d:\svnnurbs\surface_sewing\debug\alglibinternal.sbr
d:\svnnurbs\surface_sewing\debug\alglibmisc.sbr
d:\svnnurbs\surface_sewing\debug\ap.sbr
d:\svnnurbs\surface_sewing\debug\dataanalysis.sbr
d:\svnnurbs\surface_sewing\debug\diffequations.sbr
d:\svnnurbs\surface_sewing\debug\fasttransforms.sbr
d:\svnnurbs\surface_sewing\debug\integration.sbr
d:\svnnurbs\surface_sewing\debug\interpolation.sbr
d:\svnnurbs\surface_sewing\debug\linalg.sbr
d:\svnnurbs\surface_sewing\debug\optimization.sbr
d:\svnnurbs\surface_sewing\debug\orthogonalityenergy.sbr
d:\svnnurbs\surface_sewing\debug\solvers.sbr
d:\svnnurbs\surface_sewing\debug\solvers.obj
d:\svnnurbs\surface_sewing\debug\orthogonalityenergy.obj
d:\svnnurbs\surface_sewing\debug\optimization.obj
d:\svnnurbs\surface_sewing\debug\linalg.obj
d:\svnnurbs\surface_sewing\debug\interpolation.obj
d:\svnnurbs\surface_sewing\debug\integration.obj
d:\svnnurbs\surface_sewing\debug\fasttransforms.obj
d:\svnnurbs\surface_sewing\debug\diffequations.obj
d:\svnnurbs\surface_sewing\debug\dataanalysis.obj
d:\svnnurbs\surface_sewing\debug\ap.obj
d:\svnnurbs\surface_sewing\debug\alglibmisc.obj
d:\svnnurbs\surface_sewing\debug\alglibinternal.obj
d:\svnnurbs\surface_sewing\debug\nurbs3d.obj
d:\svnnurbs\surface_sewing\debug\interfunction.obj
d:\svnnurbs\surface_sewing\debug\curve.obj
d:\svnnurbs\surface_sewing\debug\c_parsenurbs.obj
d:\svnnurbs\surface_sewing\debug\c_nurbssurf.obj
d:\svnnurbs\surface_sewing\debug\c_disline3d.obj
d:\svnnurbs\surface_sewing\debug\object3d.obj
d:\svnnurbs\surface_sewing\debug\mesh3d_openmesh.obj
d:\svnnurbs\surface_sewing\debug\specialfunctions.sbr
d:\svnnurbs\surface_sewing\debug\statistics.sbr
d:\svnnurbs\surface_sewing\debug\test_c.sbr
d:\svnnurbs\surface_sewing\debug\bilineartab.sbr
d:\svnnurbs\surface_sewing\debug\compositemobiustab.sbr
d:\svnnurbs\surface_sewing\debug\generalbilineartab.sbr
d:\svnnurbs\surface_sewing\debug\mobiustab.sbr
d:\svnnurbs\surface_sewing\debug\quadratictab.sbr
d:\svnnurbs\surface_sewing\debug\transformationtab.sbr
d:\svnnurbs\surface_sewing\debug\action_areapreserving.sbr
d:\svnnurbs\surface_sewing\debug\action_landmark.sbr
d:\svnnurbs\surface_sewing\debug\action_leastsquare.sbr
d:\svnnurbs\surface_sewing\debug\action_levy_leastsquare.sbr
d:\svnnurbs\surface_sewing\debug\action_render.sbr
d:\svnnurbs\surface_sewing\debug\actions_bilinear.sbr
d:\svnnurbs\surface_sewing\debug\actions_general.sbr
d:\svnnurbs\surface_sewing\debug\actions_generalbilinear.sbr
d:\svnnurbs\surface_sewing\debug\actions_harmonicmapping.sbr
d:\svnnurbs\surface_sewing\debug\actions_ricciflow.sbr
d:\svnnurbs\surface_sewing\debug\actions_teichmullermap.sbr
d:\svnnurbs\surface_sewing\debug\actions_teichmullermap.obj
d:\svnnurbs\surface_sewing\debug\actions_ricciflow.obj
d:\svnnurbs\surface_sewing\debug\actions_harmonicmapping.obj
d:\svnnurbs\surface_sewing\debug\actions_generalbilinear.obj
d:\svnnurbs\surface_sewing\debug\actions_general.obj
d:\svnnurbs\surface_sewing\debug\actions_bilinear.obj
d:\svnnurbs\surface_sewing\debug\action_render.obj
d:\svnnurbs\surface_sewing\debug\action_levy_leastsquare.obj
d:\svnnurbs\surface_sewing\debug\action_leastsquare.obj
d:\svnnurbs\surface_sewing\debug\action_landmark.obj
d:\svnnurbs\surface_sewing\debug\action_areapreserving.obj
d:\svnnurbs\surface_sewing\debug\transformationtab.obj
d:\svnnurbs\surface_sewing\debug\quadratictab.obj
d:\svnnurbs\surface_sewing\debug\mobiustab.obj
d:\svnnurbs\surface_sewing\debug\generalbilineartab.obj
d:\svnnurbs\surface_sewing\debug\compositemobiustab.obj
d:\svnnurbs\surface_sewing\debug\bilineartab.obj
d:\svnnurbs\surface_sewing\debug\test_c.obj
d:\svnnurbs\surface_sewing\debug\statistics.obj
d:\svnnurbs\surface_sewing\debug\specialfunctions.obj
d:\svnnurbs\surface_sewing\debug\actions_tspline.sbr
d:\svnnurbs\surface_sewing\debug\actionstab.sbr
d:\svnnurbs\surface_sewing\debug\bilineartransformation.sbr
d:\svnnurbs\surface_sewing\debug\bsplinetransformation.sbr
d:\svnnurbs\surface_sewing\debug\compositemobiustransformation.sbr
d:\svnnurbs\surface_sewing\debug\generalbilineartransformation.sbr
d:\svnnurbs\surface_sewing\debug\mobiustransformation.sbr
d:\svnnurbs\surface_sewing\debug\quadratictransformation.sbr
d:\svnnurbs\surface_sewing\debug\transformation.sbr
d:\svnnurbs\surface_sewing\debug\tspline.sbr
d:\svnnurbs\surface_sewing\debug\tspline.obj
d:\svnnurbs\surface_sewing\debug\transformation.obj
d:\svnnurbs\surface_sewing\debug\quadratictransformation.obj
d:\svnnurbs\surface_sewing\debug\mobiustransformation.obj
d:\svnnurbs\surface_sewing\debug\generalbilineartransformation.obj
d:\svnnurbs\surface_sewing\debug\compositemobiustransformation.obj
d:\svnnurbs\surface_sewing\debug\bsplinetransformation.obj
d:\svnnurbs\surface_sewing\debug\bilineartransformation.obj
d:\svnnurbs\surface_sewing\debug\actionstab.obj
d:\svnnurbs\surface_sewing\debug\actions_tspline.obj
d:\svnnurbs\surface_sewing\debug\structedstepfiledataitem.sbr
d:\svnnurbs\surface_sewing\debug\structedstepfiledataitem.obj
d:\svnnurbs\surface_sewing\x64\debug\sdiviewswitch.ilk
d:\svnnurbs\surface_sewing\x64\debug\sdiviewswitch.exe
d:\svnnurbs\surface_sewing\debug\switchsplit.pdb
d:\svnnurbs\surface_sewing\x64\debug\sdiviewswitch.res
d:\svnnurbs\surface_sewing\x64\debug\sdiviewswitch.lib
d:\svnnurbs\surface_sewing\x64\debug\sdiviewswitch.exp
d:\svnnurbs\surface_sewing\x64\debug\sdiviewswitch.tlog\bscmake.command.1.tlog
d:\svnnurbs\surface_sewing\x64\debug\sdiviewswitch.tlog\bscmake.read.1.tlog
d:\svnnurbs\surface_sewing\x64\debug\sdiviewswitch.tlog\bscmake.write.1.tlog
d:\svnnurbs\surface_sewing\x64\debug\sdiviewswitch.tlog\cl.command.1.tlog
d:\svnnurbs\surface_sewing\x64\debug\sdiviewswitch.tlog\cl.read.1.tlog
d:\svnnurbs\surface_sewing\x64\debug\sdiviewswitch.tlog\cl.write.1.tlog
d:\svnnurbs\surface_sewing\x64\debug\sdiviewswitch.tlog\link.command.1.tlog
d:\svnnurbs\surface_sewing\x64\debug\sdiviewswitch.tlog\link.read.1.tlog
d:\svnnurbs\surface_sewing\x64\debug\sdiviewswitch.tlog\link.write.1.tlog
d:\svnnurbs\surface_sewing\x64\debug\sdiviewswitch.tlog\rc.command.1.tlog
d:\svnnurbs\surface_sewing\x64\debug\sdiviewswitch.tlog\rc.read.1.tlog
d:\svnnurbs\surface_sewing\x64\debug\sdiviewswitch.tlog\rc.write.1.tlog
d:\svnnurbs\surface_sewing\x64\debug\sdiviewswitch.tlog\sdiviewswitch.write.1u.tlog
