d:\svnnurbs\svnnrubrs_new\surface_sewing\debug\switchsplit.pch
d:\svnnurbs\svnnrubrs_new\surface_sewing\debug\vc143.pdb
d:\svnnurbs\svnnrubrs_new\surface_sewing\debug\stdafx.sbr
d:\svnnurbs\svnnrubrs_new\surface_sewing\debug\stdafx.obj
d:\svnnurbs\svnnrubrs_new\surface_sewing\debug\actions_constrainedregistration.sbr
d:\svnnurbs\svnnrubrs_new\surface_sewing\debug\actions_dynamicquasiconformal.sbr
d:\svnnurbs\svnnrubrs_new\surface_sewing\debug\actions_edgeswap.sbr
d:\svnnurbs\svnnrubrs_new\surface_sewing\debug\action_acis_sewing.sbr
d:\svnnurbs\svnnrubrs_new\surface_sewing\debug\action_occ_sewing.sbr
d:\svnnurbs\svnnrubrs_new\surface_sewing\debug\action_polyomino2.sbr
d:\svnnurbs\svnnrubrs_new\surface_sewing\debug\cframebuffer.sbr
d:\svnnurbs\svnnrubrs_new\surface_sewing\debug\closenessenergy.sbr
d:\svnnurbs\svnnrubrs_new\surface_sewing\debug\colorformview.sbr
d:\svnnurbs\svnnrubrs_new\surface_sewing\debug\complex_number.sbr
d:\svnnurbs\svnnrubrs_new\surface_sewing\debug\convexfunction.sbr
d:\svnnurbs\svnnrubrs_new\surface_sewing\debug\dialoginputinformation.sbr
d:\svnnurbs\svnnrubrs_new\surface_sewing\debug\disline2d.sbr
d:\svnnurbs\svnnrubrs_new\surface_sewing\debug\energy.sbr
d:\svnnurbs\svnnrubrs_new\surface_sewing\debug\faceinputarea.sbr
d:\svnnurbs\svnnrubrs_new\surface_sewing\debug\faceinputarea.obj
d:\svnnurbs\svnnrubrs_new\surface_sewing\debug\energy.obj
d:\svnnurbs\svnnrubrs_new\surface_sewing\debug\disline2d.obj
d:\svnnurbs\svnnrubrs_new\surface_sewing\debug\dialoginputinformation.obj
d:\svnnurbs\svnnrubrs_new\surface_sewing\debug\convexfunction.obj
d:\svnnurbs\svnnrubrs_new\surface_sewing\debug\complex_number.obj
d:\svnnurbs\svnnrubrs_new\surface_sewing\debug\colorformview.obj
d:\svnnurbs\svnnrubrs_new\surface_sewing\debug\closenessenergy.obj
d:\svnnurbs\svnnrubrs_new\surface_sewing\debug\cframebuffer.obj
d:\svnnurbs\svnnrubrs_new\surface_sewing\debug\action_polyomino2.obj
d:\svnnurbs\svnnrubrs_new\surface_sewing\debug\action_occ_sewing.obj
d:\svnnurbs\svnnrubrs_new\surface_sewing\debug\action_acis_sewing.obj
d:\svnnurbs\svnnrubrs_new\surface_sewing\debug\actions_edgeswap.obj
d:\svnnurbs\svnnrubrs_new\surface_sewing\debug\actions_dynamicquasiconformal.obj
d:\svnnurbs\svnnrubrs_new\surface_sewing\debug\actions_constrainedregistration.obj
d:\svnnurbs\svnnrubrs_new\surface_sewing\debug\geomaplandmark.sbr
d:\svnnurbs\svnnrubrs_new\surface_sewing\debug\isotropicenergy.sbr
d:\svnnurbs\svnnrubrs_new\surface_sewing\debug\kdtree.sbr
d:\svnnurbs\svnnrubrs_new\surface_sewing\debug\mainfrm.sbr
d:\svnnurbs\svnnrubrs_new\surface_sewing\debug\meshsetcolor.sbr
d:\svnnurbs\svnnrubrs_new\surface_sewing\debug\mysparsematrix.sbr
d:\svnnurbs\svnnrubrs_new\surface_sewing\debug\mysplitterwnd.sbr
d:\svnnurbs\svnnrubrs_new\surface_sewing\debug\mytreeview.sbr
d:\svnnurbs\svnnrubrs_new\surface_sewing\debug\nurbscurve.sbr
d:\svnnurbs\svnnrubrs_new\surface_sewing\debug\objectviewer.sbr
d:\svnnurbs\svnnrubrs_new\surface_sewing\debug\parsem.sbr
d:\svnnurbs\svnnrubrs_new\surface_sewing\debug\parsenurbscurve.sbr
d:\svnnurbs\svnnrubrs_new\surface_sewing\debug\parsepoly.sbr
d:\svnnurbs\svnnrubrs_new\surface_sewing\debug\parsesmf.sbr
d:\svnnurbs\svnnrubrs_new\surface_sewing\debug\parsetspline.sbr
d:\svnnurbs\svnnrubrs_new\surface_sewing\debug\polyomino_edge_subdivision.sbr
d:\svnnurbs\svnnrubrs_new\surface_sewing\debug\projecttoparameterdomain.sbr
d:\svnnurbs\svnnrubrs_new\surface_sewing\debug\rendermode.sbr
d:\svnnurbs\svnnrubrs_new\surface_sewing\debug\ricciflow.sbr
d:\svnnurbs\svnnrubrs_new\surface_sewing\debug\ricciflow.obj
d:\svnnurbs\svnnrubrs_new\surface_sewing\debug\rendermode.obj
d:\svnnurbs\svnnrubrs_new\surface_sewing\debug\projecttoparameterdomain.obj
d:\svnnurbs\svnnrubrs_new\surface_sewing\debug\polyomino_edge_subdivision.obj
d:\svnnurbs\svnnrubrs_new\surface_sewing\debug\parsetspline.obj
d:\svnnurbs\svnnrubrs_new\surface_sewing\debug\parsesmf.obj
d:\svnnurbs\svnnrubrs_new\surface_sewing\debug\parsepoly.obj
d:\svnnurbs\svnnrubrs_new\surface_sewing\debug\parsenurbscurve.obj
d:\svnnurbs\svnnrubrs_new\surface_sewing\debug\parsem.obj
d:\svnnurbs\svnnrubrs_new\surface_sewing\debug\objectviewer.obj
d:\svnnurbs\svnnrubrs_new\surface_sewing\debug\nurbscurve.obj
d:\svnnurbs\svnnrubrs_new\surface_sewing\debug\mytreeview.obj
d:\svnnurbs\svnnrubrs_new\surface_sewing\debug\mysplitterwnd.obj
d:\svnnurbs\svnnrubrs_new\surface_sewing\debug\mysparsematrix.obj
d:\svnnurbs\svnnrubrs_new\surface_sewing\debug\meshsetcolor.obj
d:\svnnurbs\svnnrubrs_new\surface_sewing\debug\mainfrm.obj
d:\svnnurbs\svnnrubrs_new\surface_sewing\debug\kdtree.obj
d:\svnnurbs\svnnrubrs_new\surface_sewing\debug\isotropicenergy.obj
d:\svnnurbs\svnnrubrs_new\surface_sewing\debug\geomaplandmark.obj
d:\svnnurbs\svnnrubrs_new\surface_sewing\debug\scenegraph3d.sbr
d:\svnnurbs\svnnrubrs_new\surface_sewing\debug\sdiviewswitchdoc.sbr
d:\svnnurbs\svnnrubrs_new\surface_sewing\debug\shapefile_polygon_header.sbr
d:\svnnurbs\svnnrubrs_new\surface_sewing\debug\showsurfaceparameterdomain.sbr
d:\svnnurbs\svnnrubrs_new\surface_sewing\debug\showtransformedparameterdomain.sbr
d:\svnnurbs\svnnrubrs_new\surface_sewing\debug\splitterview.sbr
d:\svnnurbs\svnnrubrs_new\surface_sewing\debug\surfaceinformation.sbr
d:\svnnurbs\svnnrubrs_new\surface_sewing\debug\predictor.sbr
d:\svnnurbs\svnnrubrs_new\surface_sewing\debug\svm.sbr
d:\svnnurbs\svnnrubrs_new\surface_sewing\debug\triangle.sbr
d:\svnnurbs\svnnrubrs_new\surface_sewing\debug\tricall.sbr
d:\svnnurbs\svnnrubrs_new\surface_sewing\debug\tspline_preimagedialog.sbr
d:\svnnurbs\svnnrubrs_new\surface_sewing\debug\urveintersection.sbr
d:\svnnurbs\svnnrubrs_new\surface_sewing\debug\utility.sbr
d:\svnnurbs\svnnrubrs_new\surface_sewing\debug\vectorfield.sbr
d:\svnnurbs\svnnrubrs_new\surface_sewing\debug\array3d.sbr
d:\svnnurbs\svnnrubrs_new\surface_sewing\debug\color.sbr
d:\svnnurbs\svnnrubrs_new\surface_sewing\debug\colorramp.sbr
d:\svnnurbs\svnnrubrs_new\surface_sewing\debug\colorramp.obj
d:\svnnurbs\svnnrubrs_new\surface_sewing\debug\color.obj
d:\svnnurbs\svnnrubrs_new\surface_sewing\debug\array3d.obj
d:\svnnurbs\svnnrubrs_new\surface_sewing\debug\vectorfield.obj
d:\svnnurbs\svnnrubrs_new\surface_sewing\debug\utility.obj
d:\svnnurbs\svnnrubrs_new\surface_sewing\debug\urveintersection.obj
d:\svnnurbs\svnnrubrs_new\surface_sewing\debug\tspline_preimagedialog.obj
d:\svnnurbs\svnnrubrs_new\surface_sewing\debug\tricall.obj
d:\svnnurbs\svnnrubrs_new\surface_sewing\debug\triangle.obj
d:\svnnurbs\svnnrubrs_new\surface_sewing\debug\svm.obj
d:\svnnurbs\svnnrubrs_new\surface_sewing\debug\predictor.obj
d:\svnnurbs\svnnrubrs_new\surface_sewing\debug\surfaceinformation.obj
d:\svnnurbs\svnnrubrs_new\surface_sewing\debug\splitterview.obj
d:\svnnurbs\svnnrubrs_new\surface_sewing\debug\showtransformedparameterdomain.obj
d:\svnnurbs\svnnrubrs_new\surface_sewing\debug\showsurfaceparameterdomain.obj
d:\svnnurbs\svnnrubrs_new\surface_sewing\debug\shapefile_polygon_header.obj
d:\svnnurbs\svnnrubrs_new\surface_sewing\debug\sdiviewswitchdoc.obj
d:\svnnurbs\svnnrubrs_new\surface_sewing\debug\scenegraph3d.obj
d:\svnnurbs\svnnrubrs_new\surface_sewing\debug\dib.sbr
d:\svnnurbs\svnnrubrs_new\surface_sewing\debug\material.sbr
d:\svnnurbs\svnnrubrs_new\surface_sewing\debug\point3d.sbr
d:\svnnurbs\svnnrubrs_new\surface_sewing\debug\texture.sbr
d:\svnnurbs\svnnrubrs_new\surface_sewing\debug\transform.sbr
d:\svnnurbs\svnnrubrs_new\surface_sewing\debug\utils3d.sbr
d:\svnnurbs\svnnrubrs_new\surface_sewing\debug\vector3d.sbr
d:\svnnurbs\svnnrubrs_new\surface_sewing\debug\vertex3d.sbr
d:\svnnurbs\svnnrubrs_new\surface_sewing\debug\edge3d.sbr
d:\svnnurbs\svnnrubrs_new\surface_sewing\debug\face3d.sbr
d:\svnnurbs\svnnrubrs_new\surface_sewing\debug\mesh3d_openmesh.sbr
d:\svnnurbs\svnnrubrs_new\surface_sewing\debug\object3d.sbr
d:\svnnurbs\svnnrubrs_new\surface_sewing\debug\c_disline3d.sbr
d:\svnnurbs\svnnrubrs_new\surface_sewing\debug\c_nurbssurf.sbr
d:\svnnurbs\svnnrubrs_new\surface_sewing\debug\c_parsenurbs.sbr
d:\svnnurbs\svnnrubrs_new\surface_sewing\debug\curve.sbr
d:\svnnurbs\svnnrubrs_new\surface_sewing\debug\interfunction.sbr
d:\svnnurbs\svnnrubrs_new\surface_sewing\debug\nurbs3d.sbr
d:\svnnurbs\svnnrubrs_new\surface_sewing\debug\nurbs3d.obj
d:\svnnurbs\svnnrubrs_new\surface_sewing\debug\interfunction.obj
d:\svnnurbs\svnnrubrs_new\surface_sewing\debug\curve.obj
d:\svnnurbs\svnnrubrs_new\surface_sewing\debug\c_parsenurbs.obj
d:\svnnurbs\svnnrubrs_new\surface_sewing\debug\c_nurbssurf.obj
d:\svnnurbs\svnnrubrs_new\surface_sewing\debug\c_disline3d.obj
d:\svnnurbs\svnnrubrs_new\surface_sewing\debug\object3d.obj
d:\svnnurbs\svnnrubrs_new\surface_sewing\debug\mesh3d_openmesh.obj
d:\svnnurbs\svnnrubrs_new\surface_sewing\debug\face3d.obj
d:\svnnurbs\svnnrubrs_new\surface_sewing\debug\edge3d.obj
d:\svnnurbs\svnnrubrs_new\surface_sewing\debug\vertex3d.obj
d:\svnnurbs\svnnrubrs_new\surface_sewing\debug\vector3d.obj
d:\svnnurbs\svnnrubrs_new\surface_sewing\debug\utils3d.obj
d:\svnnurbs\svnnrubrs_new\surface_sewing\debug\transform.obj
d:\svnnurbs\svnnrubrs_new\surface_sewing\debug\texture.obj
d:\svnnurbs\svnnrubrs_new\surface_sewing\debug\point3d.obj
d:\svnnurbs\svnnrubrs_new\surface_sewing\debug\material.obj
d:\svnnurbs\svnnrubrs_new\surface_sewing\debug\dib.obj
d:\svnnurbs\svnnrubrs_new\surface_sewing\debug\orthogonalityenergy.sbr
d:\svnnurbs\svnnrubrs_new\surface_sewing\debug\bilineartab.sbr
d:\svnnurbs\svnnrubrs_new\surface_sewing\debug\compositemobiustab.sbr
d:\svnnurbs\svnnrubrs_new\surface_sewing\debug\generalbilineartab.sbr
d:\svnnurbs\svnnrubrs_new\surface_sewing\debug\mobiustab.sbr
d:\svnnurbs\svnnrubrs_new\surface_sewing\debug\quadratictab.sbr
d:\svnnurbs\svnnrubrs_new\surface_sewing\debug\transformationtab.sbr
d:\svnnurbs\svnnrubrs_new\surface_sewing\debug\transformationtab.obj
d:\svnnurbs\svnnrubrs_new\surface_sewing\debug\quadratictab.obj
d:\svnnurbs\svnnrubrs_new\surface_sewing\debug\mobiustab.obj
d:\svnnurbs\svnnrubrs_new\surface_sewing\debug\generalbilineartab.obj
d:\svnnurbs\svnnrubrs_new\surface_sewing\debug\compositemobiustab.obj
d:\svnnurbs\svnnrubrs_new\surface_sewing\debug\bilineartab.obj
d:\svnnurbs\svnnrubrs_new\surface_sewing\debug\orthogonalityenergy.obj
d:\svnnurbs\svnnrubrs_new\surface_sewing\debug\action_areapreserving.sbr
d:\svnnurbs\svnnrubrs_new\surface_sewing\debug\action_landmark.sbr
d:\svnnurbs\svnnrubrs_new\surface_sewing\debug\action_leastsquare.sbr
d:\svnnurbs\svnnrubrs_new\surface_sewing\debug\action_levy_leastsquare.sbr
d:\svnnurbs\svnnrubrs_new\surface_sewing\debug\action_render.sbr
d:\svnnurbs\svnnrubrs_new\surface_sewing\debug\actions_bilinear.sbr
d:\svnnurbs\svnnrubrs_new\surface_sewing\debug\actions_general.sbr
d:\svnnurbs\svnnrubrs_new\surface_sewing\debug\actions_generalbilinear.sbr
d:\svnnurbs\svnnrubrs_new\surface_sewing\debug\actions_harmonicmapping.sbr
d:\svnnurbs\svnnrubrs_new\surface_sewing\debug\actions_ricciflow.sbr
d:\svnnurbs\svnnrubrs_new\surface_sewing\debug\actions_teichmullermap.sbr
d:\svnnurbs\svnnrubrs_new\surface_sewing\debug\actions_tspline.sbr
d:\svnnurbs\svnnrubrs_new\surface_sewing\debug\actionstab.sbr
d:\svnnurbs\svnnrubrs_new\surface_sewing\debug\bilineartransformation.sbr
d:\svnnurbs\svnnrubrs_new\surface_sewing\debug\bsplinetransformation.sbr
d:\svnnurbs\svnnrubrs_new\surface_sewing\debug\compositemobiustransformation.sbr
d:\svnnurbs\svnnrubrs_new\surface_sewing\debug\generalbilineartransformation.sbr
d:\svnnurbs\svnnrubrs_new\surface_sewing\debug\mobiustransformation.sbr
d:\svnnurbs\svnnrubrs_new\surface_sewing\debug\quadratictransformation.sbr
d:\svnnurbs\svnnrubrs_new\surface_sewing\debug\transformation.sbr
d:\svnnurbs\svnnrubrs_new\surface_sewing\debug\transformation.obj
d:\svnnurbs\svnnrubrs_new\surface_sewing\debug\quadratictransformation.obj
d:\svnnurbs\svnnrubrs_new\surface_sewing\debug\mobiustransformation.obj
d:\svnnurbs\svnnrubrs_new\surface_sewing\debug\generalbilineartransformation.obj
d:\svnnurbs\svnnrubrs_new\surface_sewing\debug\compositemobiustransformation.obj
d:\svnnurbs\svnnrubrs_new\surface_sewing\debug\bsplinetransformation.obj
d:\svnnurbs\svnnrubrs_new\surface_sewing\debug\bilineartransformation.obj
d:\svnnurbs\svnnrubrs_new\surface_sewing\debug\actionstab.obj
d:\svnnurbs\svnnrubrs_new\surface_sewing\debug\actions_tspline.obj
d:\svnnurbs\svnnrubrs_new\surface_sewing\debug\actions_teichmullermap.obj
d:\svnnurbs\svnnrubrs_new\surface_sewing\debug\actions_ricciflow.obj
d:\svnnurbs\svnnrubrs_new\surface_sewing\debug\actions_harmonicmapping.obj
d:\svnnurbs\svnnrubrs_new\surface_sewing\debug\actions_generalbilinear.obj
d:\svnnurbs\svnnrubrs_new\surface_sewing\debug\actions_general.obj
d:\svnnurbs\svnnrubrs_new\surface_sewing\debug\actions_bilinear.obj
d:\svnnurbs\svnnrubrs_new\surface_sewing\debug\action_render.obj
d:\svnnurbs\svnnrubrs_new\surface_sewing\debug\action_levy_leastsquare.obj
d:\svnnurbs\svnnrubrs_new\surface_sewing\debug\action_leastsquare.obj
d:\svnnurbs\svnnrubrs_new\surface_sewing\debug\action_landmark.obj
d:\svnnurbs\svnnrubrs_new\surface_sewing\debug\action_areapreserving.obj
d:\svnnurbs\svnnrubrs_new\surface_sewing\debug\tspline.sbr
d:\svnnurbs\svnnrubrs_new\surface_sewing\debug\tspline.obj
d:\svnnurbs\surface_sewing\sdiviewswitch\x64\debug\sdiviewswitch.tlog\cl.command.1.tlog
d:\svnnurbs\surface_sewing\sdiviewswitch\x64\debug\sdiviewswitch.tlog\cl.read.1.tlog
d:\svnnurbs\surface_sewing\sdiviewswitch\x64\debug\sdiviewswitch.tlog\cl.write.1.tlog
